<?xml version="1.0" encoding="UTF-8"?>
<!-- Generated by org.testng.reporters.JUnitReportReporter -->
<testsuite hostname="Collaberas-MacBook-Pro.local" failures="0" tests="1" name="TestClass" time="0.019" errors="0" timestamp="2023-05-25T11:08:25 PST" skipped="0">
  <testcase classname="TestClass" name="testMethod" time="0.019"/>
  <system-out/>
</testsuite> <!-- TestClass -->
