<?xml version="1.0" encoding="UTF-8"?>
<!-- Generated by org.testng.reporters.JUnitReportReporter -->
<testsuite hostname="Collaberas-MacBook-Pro.local" failures="0" tests="1" name="test_flowOfCommands.Test03_BeforeClass" time="0.021" errors="0" timestamp="2023-05-25T12:03:34 PST" skipped="0">
  <testcase classname="test_flowOfCommands.Test03_BeforeClass" name="f" time="0.021"/>
  <system-out/>
</testsuite> <!-- test_flowOfCommands.Test03_BeforeClass -->
