<?xml version="1.0" encoding="UTF-8"?>
<!-- Generated by org.testng.reporters.JUnitReportReporter -->
<testsuite hostname="Collaberas-MacBook-Pro.local" failures="0" tests="2" name="testcases.TestCase01" time="5.803" errors="0" timestamp="2023-05-23T11:22:14 PST" skipped="0">
  <testcase classname="testcases.TestCase01" name="validLoginTest" time="4.257"/>
  <system-out/>
  <testcase classname="testcases.TestCase01" name="invalidLoginTest" time="1.546"/>
  <system-out/>
</testsuite> <!-- testcases.TestCase01 -->
