<?xml version="1.0" encoding="UTF-8"?>
<!-- Generated by org.testng.reporters.JUnitReportReporter -->
<testsuite hostname="Collaberas-MacBook-Pro.local" failures="0" tests="1" name="testng_testcases_rewritten.testcase02_createBooking" time="6.053" errors="0" timestamp="2023-05-22T15:11:16 PST" skipped="0">
  <testcase classname="testng_testcases_rewritten.testcase02_createBooking" name="postBooking" time="6.053"/>
  <system-out/>
</testsuite> <!-- testng_testcases_rewritten.testcase02_createBooking -->
