<?xml version="1.0" encoding="UTF-8"?>
<!-- Generated by org.testng.reporters.JUnitReportReporter -->
<testsuite hostname="Collaberas-MacBook-Pro.local" failures="0" tests="6" name="testng_testcases_rewritten.Testcase01_fullTestCase" time="19.599" errors="0" timestamp="2023-05-22T15:35:33 PST" skipped="0">
  <testcase classname="testng_testcases_rewritten.Testcase01_fullTestCase" name="getAuthToken" time="6.009"/>
  <system-out/>
  <testcase classname="testng_testcases_rewritten.Testcase01_fullTestCase" name="postBooking" time="1.731"/>
  <system-out/>
  <testcase classname="testng_testcases_rewritten.Testcase01_fullTestCase" name="getBooking" time="1.527"/>
  <system-out/>
  <testcase classname="testng_testcases_rewritten.Testcase01_fullTestCase" name="partialUpdateBooking" time="2.918"/>
  <system-out/>
  <testcase classname="testng_testcases_rewritten.Testcase01_fullTestCase" name="updateBooking" time="2.929"/>
  <system-out/>
  <testcase classname="testng_testcases_rewritten.Testcase01_fullTestCase" name="f" time="4.485"/>
  <system-out/>
</testsuite> <!-- testng_testcases_rewritten.Testcase01_fullTestCase -->
