<?xml version="1.0" encoding="UTF-8"?>
<!-- Generated by org.testng.reporters.JUnitReportReporter -->
<testsuite hostname="Collaberas-MacBook-Pro.local" failures="0" tests="1" name="testng_testcases_rewritten.testcase01_reAuthToken" time="5.912" errors="0" timestamp="2023-05-22T14:59:12 PST" skipped="0">
  <testcase classname="testng_testcases_rewritten.testcase01_reAuthToken" name="getAuthToken" time="5.912"/>
  <system-out/>
</testsuite> <!-- testng_testcases_rewritten.testcase01_reAuthToken -->
