<?xml version="1.0" encoding="UTF-8"?>
<!-- Generated by org.testng.reporters.JUnitReportReporter -->
<testsuite hostname="Collaberas-MacBook-Pro.local" failures="0" tests="6" name="testng_testcases_rewritten.testcase07_fullSuites" time="17.293" errors="0" timestamp="2023-05-22T15:31:01 PST" skipped="0">
  <testcase classname="testng_testcases_rewritten.testcase07_fullSuites" name="getAuthToken" time="6.000"/>
  <system-out/>
  <testcase classname="testng_testcases_rewritten.testcase07_fullSuites" name="postBooking" time="1.412"/>
  <system-out/>
  <testcase classname="testng_testcases_rewritten.testcase07_fullSuites" name="getBooking" time="1.662"/>
  <system-out/>
  <testcase classname="testng_testcases_rewritten.testcase07_fullSuites" name="partialUpdateBooking" time="2.585"/>
  <system-out/>
  <testcase classname="testng_testcases_rewritten.testcase07_fullSuites" name="updateBooking" time="2.907"/>
  <system-out/>
  <testcase classname="testng_testcases_rewritten.testcase07_fullSuites" name="f" time="2.727"/>
  <system-out/>
</testsuite> <!-- testng_testcases_rewritten.testcase07_fullSuites -->
