<?xml version="1.0" encoding="UTF-8"?>
<!-- Generated by org.testng.reporters.JUnitReportReporter -->
<testsuite hostname="Collaberas-MacBook-Pro.local" failures="0" tests="1" name="testng_testcases_rewritten.testcase05_partialUpdate" time="5.442" errors="0" timestamp="2023-05-22T15:13:31 PST" skipped="0">
  <testcase classname="testng_testcases_rewritten.testcase05_partialUpdate" name="f" time="5.442"/>
  <system-out/>
</testsuite> <!-- testng_testcases_rewritten.testcase05_partialUpdate -->
